2024-03-23 09:10:19,817:INFO:Starting ETL process
2024-03-23 09:10:19,817:INFO:Starting data extraction
2024-03-23 09:18:19,400:INFO:Starting ETL process
2024-03-23 09:18:19,400:INFO:Starting data extraction
2024-03-23 09:18:19,439:INFO:Data extraction completed
2024-03-23 09:18:19,440:INFO:Starting data transformation
2024-03-23 09:18:19,448:INFO:Data transformation completed
2024-03-23 09:18:19,448:INFO:Starting data loading
2024-03-23 09:18:19,510:INFO:Data loading completed
2024-03-23 09:18:19,511:INFO:ETL process completed
2024-03-23 09:18:19,512:INFO:Starting file moving
2024-03-23 09:18:19,514:INFO:File moving completed
2024-03-23 09:18:19,514:INFO:Starting downsampling
2024-03-23 09:18:19,639:INFO:Train file created
2024-03-23 09:18:19,648:INFO:Test file created
2024-03-23 12:08:34,489:INFO:Starting ETL process
2024-03-23 12:08:34,489:INFO:Starting data extraction
2024-03-23 12:08:34,513:INFO:Data extraction completed
2024-03-23 12:08:34,513:INFO:Starting data transformation
2024-03-23 12:08:34,517:INFO:Data transformation completed
2024-03-23 12:08:34,517:INFO:Starting data loading
2024-03-23 12:08:34,556:INFO:Data loading completed
2024-03-23 12:08:34,556:INFO:ETL process completed
2024-03-23 12:08:34,556:INFO:Starting file moving
2024-03-23 12:08:34,557:INFO:File moving completed
2024-03-23 12:08:34,558:INFO:Starting downsampling
2024-03-23 12:08:34,810:INFO:Train file created
2024-03-23 12:08:34,833:INFO:Test file created
